0 info it worked if it ends with ok
1 verbose cli [ '/usr/bin/node', '/usr/bin/npm', 'install', 'dc.js' ]
2 info using npm@1.4.28
3 info using node@v0.10.38
4 verbose node symlink /usr/bin/node
5 warn package.json csv2json@1.0.0 No repository field.
6 verbose readDependencies using package.json deps
7 verbose cache add [ 'dc.js', null ]
8 verbose cache add name=undefined spec="dc.js" args=["dc.js",null]
9 verbose parsed url { protocol: null,
9 verbose parsed url   slashes: null,
9 verbose parsed url   auth: null,
9 verbose parsed url   host: null,
9 verbose parsed url   port: null,
9 verbose parsed url   hostname: null,
9 verbose parsed url   hash: null,
9 verbose parsed url   search: null,
9 verbose parsed url   query: null,
9 verbose parsed url   pathname: 'dc.js',
9 verbose parsed url   path: 'dc.js',
9 verbose parsed url   href: 'dc.js' }
10 silly lockFile a7c3ff5c-dc-js dc.js
11 verbose lock dc.js /home/myan/.npm/a7c3ff5c-dc-js.lock
12 silly lockFile a7c3ff5c-dc-js dc.js
13 silly lockFile a7c3ff5c-dc-js dc.js
14 verbose addNamed [ 'dc.js', '' ]
15 verbose addNamed [ null, '*' ]
16 silly lockFile 630a00e5-dc-js dc.js@
17 verbose lock dc.js@ /home/myan/.npm/630a00e5-dc-js.lock
18 silly addNameRange { name: 'dc.js', range: '*', hasData: false }
19 verbose request where is /dc.js
20 verbose request registry https://registry.npmjs.org/
21 verbose request id 8f59c35d3679f3a6
22 verbose url raw /dc.js
23 verbose url resolving [ 'https://registry.npmjs.org/', './dc.js' ]
24 verbose url resolved https://registry.npmjs.org/dc.js
25 verbose request where is https://registry.npmjs.org/dc.js
26 info trying registry request attempt 1 at 11:38:20
27 http GET https://registry.npmjs.org/dc.js
28 http 404 https://registry.npmjs.org/dc.js
29 verbose headers { server: 'CouchDB/1.5.0 (Erlang OTP/R16B03)',
29 verbose headers   'content-type': 'application/json',
29 verbose headers   'cache-control': 'max-age=0',
29 verbose headers   'content-length': '51',
29 verbose headers   'accept-ranges': 'bytes',
29 verbose headers   date: 'Thu, 04 Jun 2015 15:38:21 GMT',
29 verbose headers   via: '1.1 varnish',
29 verbose headers   age: '0',
29 verbose headers   connection: 'keep-alive',
29 verbose headers   'x-served-by': 'cache-iad2128-IAD',
29 verbose headers   'x-cache': 'MISS',
29 verbose headers   'x-cache-hits': '0',
29 verbose headers   'x-timer': 'S1433432301.067553,VS0,VE67' }
30 silly registry.get cb [ 404,
30 silly registry.get   { server: 'CouchDB/1.5.0 (Erlang OTP/R16B03)',
30 silly registry.get     'content-type': 'application/json',
30 silly registry.get     'cache-control': 'max-age=0',
30 silly registry.get     'content-length': '51',
30 silly registry.get     'accept-ranges': 'bytes',
30 silly registry.get     date: 'Thu, 04 Jun 2015 15:38:21 GMT',
30 silly registry.get     via: '1.1 varnish',
30 silly registry.get     age: '0',
30 silly registry.get     connection: 'keep-alive',
30 silly registry.get     'x-served-by': 'cache-iad2128-IAD',
30 silly registry.get     'x-cache': 'MISS',
30 silly registry.get     'x-cache-hits': '0',
30 silly registry.get     'x-timer': 'S1433432301.067553,VS0,VE67' } ]
31 silly lockFile 630a00e5-dc-js dc.js@
32 silly lockFile 630a00e5-dc-js dc.js@
33 error 404 404 Not Found: dc.js
33 error 404
33 error 404 'dc.js' is not in the npm registry.
33 error 404 You should bug the author to publish it
33 error 404 It was specified as a dependency of 'stormViewer'
33 error 404
33 error 404 Maybe try 'npm search dc'
33 error 404
33 error 404 Note that you can also install from a
33 error 404 tarball, folder, or http url, or git url.
34 error System Linux 3.16.0-37-generic
35 error command "/usr/bin/node" "/usr/bin/npm" "install" "dc.js"
36 error cwd /home/myan/code/stormViewerAPI
37 error node -v v0.10.38
38 error npm -v 1.4.28
39 error code E404
40 verbose exit [ 1, true ]
